<?xml version="1.0" encoding="UTF-8"?>
<!-- Generated by org.testng.reporters.JUnitReportReporter -->
<testsuite hostname="HP" failures="0" tests="1" name="tests.HomeLoanTest" time="12.410" errors="0" timestamp="2022-06-04T19:41:38 IST" skipped="0">
  <testcase classname="tests.HomeLoanTest" name="test" time="12.410"/>
  <system-out/>
</testsuite> <!-- tests.HomeLoanTest -->
