<?xml version="1.0" encoding="UTF-8"?>
<!-- Generated by org.testng.reporters.JUnitReportReporter -->
<testsuite hostname="HP" failures="0" tests="1" name="tests.FlatsForSalesTest" time="7.071" errors="0" timestamp="2022-06-04T22:07:03 IST" skipped="0">
  <testcase classname="tests.FlatsForSalesTest" name="test5" time="7.071"/>
  <system-out/>
</testsuite> <!-- tests.FlatsForSalesTest -->
