<?xml version="1.0" encoding="UTF-8"?>
<!-- Generated by org.testng.reporters.JUnitReportReporter -->
<testsuite hostname="HP" failures="0" tests="1" name="tests.SellersPlansTest" time="38.764" errors="0" timestamp="2022-06-05T12:09:51 IST" skipped="0">
  <testcase classname="tests.SellersPlansTest" name="test3" time="38.764"/>
  <system-out/>
</testsuite> <!-- tests.SellersPlansTest -->
