<?xml version="1.0" encoding="UTF-8"?>
<!-- Generated by org.testng.reporters.JUnitReportReporter -->
<testsuite hostname="HP" failures="0" tests="1" name="tests.PaintingAndCleaningTest" time="6.589" errors="0" timestamp="2022-06-04T13:08:48 IST" skipped="0">
  <testcase classname="tests.PaintingAndCleaningTest" name="test" time="6.589"/>
  <system-out/>
</testsuite> <!-- tests.PaintingAndCleaningTest -->
