<?xml version="1.0" encoding="UTF-8"?>
<!-- Generated by org.testng.reporters.JUnitReportReporter -->
<testsuite hostname="HP" failures="0" tests="1" name="tests.PostAddTest" time="10.174" errors="0" timestamp="2022-06-04T13:43:00 IST" skipped="0">
  <testcase classname="tests.PostAddTest" name="Test" time="10.174"/>
  <system-out/>
</testsuite> <!-- tests.PostAddTest -->
