<?xml version="1.0" encoding="UTF-8"?>
<!-- Generated by org.testng.reporters.JUnitReportReporter -->
<testsuite hostname="HP" failures="0" tests="1" name="tests.PGTest" time="10.024" errors="0" timestamp="2022-06-04T12:54:44 IST" skipped="0">
  <testcase classname="tests.PGTest" name="Test" time="10.024"/>
  <system-out/>
</testsuite> <!-- tests.PGTest -->
