<?xml version="1.0" encoding="UTF-8"?>
<!-- Generated by org.testng.reporters.JUnitReportReporter -->
<testsuite hostname="HP" failures="0" tests="1" name="tests.Paywithcreditcard" time="39.137" errors="0" timestamp="2022-06-05T18:25:34 IST" skipped="0">
  <testcase classname="tests.Paywithcreditcard" name="test3" time="39.137"/>
  <system-out/>
</testsuite> <!-- tests.Paywithcreditcard -->
