<?xml version="1.0" encoding="UTF-8"?>
<!-- Generated by org.testng.reporters.JUnitReportReporter -->
<testsuite hostname="HP" failures="0" tests="1" name="tests.RentTest" time="6.079" errors="0" timestamp="2022-06-04T11:57:27 IST" skipped="0">
  <testcase classname="tests.RentTest" name="test" time="6.079"/>
  <system-out/>
</testsuite> <!-- tests.RentTest -->
