<?xml version="1.0" encoding="UTF-8"?>
<!-- Generated by org.testng.reporters.JUnitReportReporter -->
<testsuite hostname="HP" failures="0" tests="1" name="tests.BuySearchTest" time="14.843" errors="0" timestamp="2022-06-04T11:41:33 IST" skipped="0">
  <testcase classname="tests.BuySearchTest" name="Test4" time="14.843"/>
  <system-out/>
</testsuite> <!-- tests.BuySearchTest -->
